<?xml version="1.0" encoding="UTF-8"?>
<!-- Generated by org.testng.reporters.JUnitReportReporter -->
<testsuite hostname="DESKTOP-6JVV5KL" failures="0" tests="9" name="runner.runnerTest" time="86.840" errors="0" timestamp="2024-04-21T20:53:10 IST" skipped="0">
  <testcase classname="runner.runnerTest" name="runScenario" time="8.111"/>
  <testcase classname="runner.runnerTest" name="runScenario" time="6.854"/>
  <testcase classname="runner.runnerTest" name="runScenario" time="9.166"/>
  <testcase classname="runner.runnerTest" name="runScenario" time="7.818"/>
  <testcase classname="runner.runnerTest" name="runScenario" time="8.044"/>
  <testcase classname="runner.runnerTest" name="runScenario" time="14.684"/>
  <testcase classname="runner.runnerTest" name="runScenario" time="16.474"/>
  <testcase classname="runner.runnerTest" name="runScenario" time="8.576"/>
  <testcase classname="runner.runnerTest" name="runScenario" time="7.113"/>
</testsuite> <!-- runner.runnerTest -->
